{
"contracts/ERC721/ERC721Contract.sol":{"l":{"33":0,"34":0,"35":0,"36":0,"48":0,"49":0,"56":0,"57":0,"64":0,"65":0,"66":0,"68":0,"69":0,"70":0,"78":0,"79":0,"87":0,"98":0,"105":0,"112":0},"path":"/Users/grigorijivanov/GitHub/nft-smartcontract/contracts/ERC721/ERC721Contract.sol","s":{"1":0,"2":0,"3":0,"4":0,"5":0,"6":0,"7":0,"8":0,"9":0,"10":0,"11":0,"12":0,"13":0,"14":0},"b":{"1":[0,0],"2":[0,0],"3":[0,0],"4":[0,0],"5":[0,0],"6":[0,0]},"f":{"1":0,"2":0,"3":0,"4":0,"5":0,"6":0,"7":0,"8":0,"9":0,"10":0},"fnMap":{"1":{"name":"constructor","line":32,"loc":{"start":{"line":25,"column":4},"end":{"line":37,"column":4}}},"2":{"name":null,"line":41,"loc":{"start":{"line":41,"column":4},"end":{"line":41,"column":33}}},"3":{"name":"publicMint","line":47,"loc":{"start":{"line":47,"column":4},"end":{"line":50,"column":4}}},"4":{"name":"allowListMint","line":55,"loc":{"start":{"line":55,"column":4},"end":{"line":58,"column":4}}},"5":{"name":"_internalMint","line":63,"loc":{"start":{"line":63,"column":4},"end":{"line":72,"column":4}}},"6":{"name":"_checkPayment","line":77,"loc":{"start":{"line":77,"column":4},"end":{"line":81,"column":4}}},"7":{"name":"supportsInterface","line":86,"loc":{"start":{"line":86,"column":4},"end":{"line":88,"column":4}}},"8":{"name":"_update","line":93,"loc":{"start":{"line":93,"column":4},"end":{"line":99,"column":4}}},"9":{"name":"_increaseBalance","line":104,"loc":{"start":{"line":104,"column":4},"end":{"line":106,"column":4}}},"10":{"name":"_baseURI","line":111,"loc":{"start":{"line":111,"column":4},"end":{"line":113,"column":4}}}},"statementMap":{"1":{"start":{"line":33,"column":8},"end":{"line":33,"column":41}},"2":{"start":{"line":48,"column":8},"end":{"line":48,"column":22}},"3":{"start":{"line":49,"column":8},"end":{"line":49,"column":22}},"4":{"start":{"line":56,"column":8},"end":{"line":56,"column":22}},"5":{"start":{"line":64,"column":8},"end":{"line":64,"column":40}},"6":{"start":{"line":65,"column":8},"end":{"line":65,"column":2150}},"7":{"start":{"line":68,"column":8},"end":{"line":68,"column":37}},"8":{"start":{"line":69,"column":8},"end":{"line":69,"column":2275}},"9":{"start":{"line":70,"column":12},"end":{"line":70,"column":77}},"10":{"start":{"line":78,"column":8},"end":{"line":78,"column":2539}},"11":{"start":{"line":87,"column":8},"end":{"line":87,"column":51}},"12":{"start":{"line":98,"column":8},"end":{"line":98,"column":47}},"13":{"start":{"line":105,"column":8},"end":{"line":105,"column":45}},"14":{"start":{"line":112,"column":8},"end":{"line":112,"column":23}}},"branchMap":{"1":{"line":47,"type":"if","locations":[{"start":{"line":47,"column":43},"end":{"line":47,"column":43}},{"start":{"line":47,"column":43},"end":{"line":47,"column":43}}]},"2":{"line":55,"type":"if","locations":[{"start":{"line":55,"column":46},"end":{"line":55,"column":46}},{"start":{"line":55,"column":46},"end":{"line":55,"column":46}}]},"3":{"line":55,"type":"if","locations":[{"start":{"line":55,"column":72},"end":{"line":55,"column":72}},{"start":{"line":55,"column":72},"end":{"line":55,"column":72}}]},"4":{"line":65,"type":"if","locations":[{"start":{"line":65,"column":8},"end":{"line":65,"column":8}},{"start":{"line":65,"column":8},"end":{"line":65,"column":8}}]},"5":{"line":69,"type":"if","locations":[{"start":{"line":69,"column":8},"end":{"line":69,"column":8}},{"start":{"line":69,"column":8},"end":{"line":69,"column":8}}]},"6":{"line":78,"type":"if","locations":[{"start":{"line":78,"column":8},"end":{"line":78,"column":8}},{"start":{"line":78,"column":8},"end":{"line":78,"column":8}}]}}},
"contracts/factory/Factory.sol":{"l":{"45":0,"46":0,"48":0,"49":0,"58":0},"path":"/Users/grigorijivanov/GitHub/nft-smartcontract/contracts/factory/Factory.sol","s":{"1":0,"2":0,"3":0,"4":0},"b":{"1":[0,0]},"f":{"1":0,"2":0},"fnMap":{"1":{"name":"constructor","line":36,"loc":{"start":{"line":36,"column":4},"end":{"line":36,"column":39}}},"2":{"name":"deployERC721","line":38,"loc":{"start":{"line":38,"column":4},"end":{"line":59,"column":4}}}},"statementMap":{"1":{"start":{"line":45,"column":8},"end":{"line":45,"column":1102}},"2":{"start":{"line":48,"column":8},"end":{"line":48,"column":111}},"3":{"start":{"line":49,"column":8},"end":{"line":49,"column":1335}},"4":{"start":{"line":58,"column":8},"end":{"line":58,"column":100}}},"branchMap":{"1":{"line":45,"type":"if","locations":[{"start":{"line":45,"column":8},"end":{"line":45,"column":8}},{"start":{"line":45,"column":8},"end":{"line":45,"column":8}}]}}},
"contracts/token/ERC721/ERC721Token.sol":{"l":{},"path":"/Users/grigorijivanov/GitHub/nft-smartcontract/contracts/token/ERC721/ERC721Token.sol","s":{},"b":{},"f":{"1":0},"fnMap":{"1":{"name":"constructor","line":15,"loc":{"start":{"line":8,"column":4},"end":{"line":15,"column":87}}}},"statementMap":{},"branchMap":{}},
"contracts/util/AllowListMint.sol":{"l":{"33":0,"34":0,"36":0,"43":0,"44":0,"46":0,"53":0,"61":0,"62":0,"71":0,"72":0},"path":"/Users/grigorijivanov/GitHub/nft-smartcontract/contracts/util/AllowListMint.sol","s":{"1":0,"2":0,"3":0,"4":0},"b":{"1":[0,0],"2":[0,0],"3":[0,0],"4":[0,0],"5":[0,0]},"f":{"1":0,"2":0,"3":0,"4":0,"5":0},"fnMap":{"1":{"name":"isInAllowList","line":32,"loc":{"start":{"line":32,"column":4},"end":{"line":37,"column":4}}},"2":{"name":"whenAllowListMintIsActive","line":42,"loc":{"start":{"line":42,"column":4},"end":{"line":47,"column":4}}},"3":{"name":"toggleAllowListMint","line":52,"loc":{"start":{"line":52,"column":4},"end":{"line":54,"column":4}}},"4":{"name":"addToAllowlist","line":60,"loc":{"start":{"line":60,"column":4},"end":{"line":64,"column":4}}},"5":{"name":"removeFromAllowList","line":70,"loc":{"start":{"line":70,"column":4},"end":{"line":74,"column":4}}}},"statementMap":{"1":{"start":{"line":33,"column":8},"end":{"line":33,"column":885}},"2":{"start":{"line":43,"column":8},"end":{"line":43,"column":1112}},"3":{"start":{"line":61,"column":8},"end":{"line":61,"column":1627}},"4":{"start":{"line":71,"column":8},"end":{"line":71,"column":1981}}},"branchMap":{"1":{"line":33,"type":"if","locations":[{"start":{"line":33,"column":8},"end":{"line":33,"column":8}},{"start":{"line":33,"column":8},"end":{"line":33,"column":8}}]},"2":{"line":43,"type":"if","locations":[{"start":{"line":43,"column":8},"end":{"line":43,"column":8}},{"start":{"line":43,"column":8},"end":{"line":43,"column":8}}]},"3":{"line":52,"type":"if","locations":[{"start":{"line":52,"column":52},"end":{"line":52,"column":52}},{"start":{"line":52,"column":52},"end":{"line":52,"column":52}}]},"4":{"line":60,"type":"if","locations":[{"start":{"line":60,"column":75},"end":{"line":60,"column":75}},{"start":{"line":60,"column":75},"end":{"line":60,"column":75}}]},"5":{"line":70,"type":"if","locations":[{"start":{"line":70,"column":80},"end":{"line":70,"column":80}},{"start":{"line":70,"column":80},"end":{"line":70,"column":80}}]}}},
"contracts/util/interface/Error.sol":{"l":{},"path":"/Users/grigorijivanov/GitHub/nft-smartcontract/contracts/util/interface/Error.sol","s":{},"b":{},"f":{},"fnMap":{},"statementMap":{},"branchMap":{}},
"contracts/util/interface/Event.sol":{"l":{},"path":"/Users/grigorijivanov/GitHub/nft-smartcontract/contracts/util/interface/Event.sol","s":{},"b":{},"f":{},"fnMap":{},"statementMap":{},"branchMap":{}},
"contracts/util/PublicMint.sol":{"l":{"24":2,"25":1,"27":1,"34":2},"path":"/Users/grigorijivanov/GitHub/nft-smartcontract/contracts/util/PublicMint.sol","s":{"1":2},"b":{"1":[1,1],"2":[2,1]},"f":{"1":2,"2":2},"fnMap":{"1":{"name":"whenPublicMintIsActive","line":23,"loc":{"start":{"line":23,"column":4},"end":{"line":28,"column":4}}},"2":{"name":"togglePublicMint","line":33,"loc":{"start":{"line":33,"column":4},"end":{"line":35,"column":4}}}},"statementMap":{"1":{"start":{"line":24,"column":8},"end":{"line":24,"column":606}}},"branchMap":{"1":{"line":24,"type":"if","locations":[{"start":{"line":24,"column":8},"end":{"line":24,"column":8}},{"start":{"line":24,"column":8},"end":{"line":24,"column":8}}]},"2":{"line":33,"type":"if","locations":[{"start":{"line":33,"column":49},"end":{"line":33,"column":49}},{"start":{"line":33,"column":49},"end":{"line":33,"column":49}}]}}},
"contracts/util/UtilBase.sol":{"l":{"20":7,"21":2,"30":5,"31":4,"32":4,"33":1,"35":3,"36":3,"37":1,"39":2},"path":"/Users/grigorijivanov/GitHub/nft-smartcontract/contracts/util/UtilBase.sol","s":{"1":7,"2":5,"3":4,"4":4,"5":3,"6":3,"7":2},"b":{"1":[2,5],"2":[5,1],"3":[1,3],"4":[1,2]},"f":{"1":7,"2":5},"fnMap":{"1":{"name":"_checkNullAddress","line":19,"loc":{"start":{"line":19,"column":4},"end":{"line":23,"column":4}}},"2":{"name":"withdraw","line":29,"loc":{"start":{"line":29,"column":4},"end":{"line":40,"column":4}}}},"statementMap":{"1":{"start":{"line":20,"column":8},"end":{"line":20,"column":613}},"2":{"start":{"line":30,"column":8},"end":{"line":30,"column":29}},"3":{"start":{"line":31,"column":8},"end":{"line":31,"column":46}},"4":{"start":{"line":32,"column":8},"end":{"line":32,"column":997}},"5":{"start":{"line":35,"column":8},"end":{"line":35,"column":54}},"6":{"start":{"line":36,"column":8},"end":{"line":36,"column":1149}},"7":{"start":{"line":39,"column":8},"end":{"line":39,"column":63}}},"branchMap":{"1":{"line":20,"type":"if","locations":[{"start":{"line":20,"column":8},"end":{"line":20,"column":8}},{"start":{"line":20,"column":8},"end":{"line":20,"column":8}}]},"2":{"line":29,"type":"if","locations":[{"start":{"line":29,"column":60},"end":{"line":29,"column":60}},{"start":{"line":29,"column":60},"end":{"line":29,"column":60}}]},"3":{"line":32,"type":"if","locations":[{"start":{"line":32,"column":8},"end":{"line":32,"column":8}},{"start":{"line":32,"column":8},"end":{"line":32,"column":8}}]},"4":{"line":36,"type":"if","locations":[{"start":{"line":36,"column":8},"end":{"line":36,"column":8}},{"start":{"line":36,"column":8},"end":{"line":36,"column":8}}]}}}}
