TN:
SF:/Users/grigorijivanov/GitHub/nft-smartcontract/contracts/ERC721/ERC721Contract.sol
FN:32,constructor
FN:41,
FN:47,publicMint
FN:55,allowListMint
FN:63,_internalMint
FN:77,_checkPayment
FN:86,supportsInterface
FN:93,_update
FN:104,_increaseBalance
FN:111,_baseURI
FNF:10
FNH:0
FNDA:0,constructor
FNDA:0,
FNDA:0,publicMint
FNDA:0,allowListMint
FNDA:0,_internalMint
FNDA:0,_checkPayment
FNDA:0,supportsInterface
FNDA:0,_update
FNDA:0,_increaseBalance
FNDA:0,_baseURI
DA:33,0
DA:34,0
DA:35,0
DA:36,0
DA:48,0
DA:49,0
DA:56,0
DA:57,0
DA:64,0
DA:65,0
DA:66,0
DA:68,0
DA:69,0
DA:70,0
DA:78,0
DA:79,0
DA:87,0
DA:98,0
DA:105,0
DA:112,0
LF:20
LH:0
BRDA:47,1,0,0
BRDA:47,1,1,0
BRDA:55,2,0,0
BRDA:55,2,1,0
BRDA:55,3,0,0
BRDA:55,3,1,0
BRDA:65,4,0,0
BRDA:65,4,1,0
BRDA:69,5,0,0
BRDA:69,5,1,0
BRDA:78,6,0,0
BRDA:78,6,1,0
BRF:12
BRH:0
end_of_record
TN:
SF:/Users/grigorijivanov/GitHub/nft-smartcontract/contracts/factory/Factory.sol
FN:36,constructor
FN:38,deployERC721
FNF:2
FNH:0
FNDA:0,constructor
FNDA:0,deployERC721
DA:45,0
DA:46,0
DA:48,0
DA:49,0
DA:58,0
LF:5
LH:0
BRDA:45,1,0,0
BRDA:45,1,1,0
BRF:2
BRH:0
end_of_record
TN:
SF:/Users/grigorijivanov/GitHub/nft-smartcontract/contracts/token/ERC721/ERC721Token.sol
FN:15,constructor
FNF:1
FNH:0
FNDA:0,constructor
LF:0
LH:0
BRF:0
BRH:0
end_of_record
TN:
SF:/Users/grigorijivanov/GitHub/nft-smartcontract/contracts/util/AllowListMint.sol
FN:24,isInAllowList
FN:34,whenAllowListMintIsActive
FN:44,toggleAllowListMint
FN:52,addToAllowlist
FN:62,removeFromAllowList
FNF:5
FNH:0
FNDA:0,isInAllowList
FNDA:0,whenAllowListMintIsActive
FNDA:0,toggleAllowListMint
FNDA:0,addToAllowlist
FNDA:0,removeFromAllowList
DA:25,0
DA:26,0
DA:28,0
DA:35,0
DA:36,0
DA:38,0
DA:45,0
DA:53,0
DA:54,0
DA:63,0
DA:64,0
LF:11
LH:0
BRDA:25,1,0,0
BRDA:25,1,1,0
BRDA:35,2,0,0
BRDA:35,2,1,0
BRDA:44,3,0,0
BRDA:44,3,1,0
BRDA:52,4,0,0
BRDA:52,4,1,0
BRDA:62,5,0,0
BRDA:62,5,1,0
BRF:10
BRH:0
end_of_record
TN:
SF:/Users/grigorijivanov/GitHub/nft-smartcontract/contracts/util/interface/Error.sol
FNF:0
FNH:0
LF:0
LH:0
BRF:0
BRH:0
end_of_record
TN:
SF:/Users/grigorijivanov/GitHub/nft-smartcontract/contracts/util/interface/Event.sol
FNF:0
FNH:0
LF:0
LH:0
BRF:0
BRH:0
end_of_record
TN:
SF:/Users/grigorijivanov/GitHub/nft-smartcontract/contracts/util/PublicMint.sol
FN:23,whenPublicMintIsActive
FN:33,togglePublicMint
FNF:2
FNH:2
FNDA:2,whenPublicMintIsActive
FNDA:2,togglePublicMint
DA:24,2
DA:25,1
DA:27,1
DA:34,2
LF:4
LH:4
BRDA:24,1,0,1
BRDA:24,1,1,1
BRDA:33,2,0,2
BRDA:33,2,1,1
BRF:4
BRH:4
end_of_record
TN:
SF:/Users/grigorijivanov/GitHub/nft-smartcontract/contracts/util/UtilBase.sol
FN:19,_checkNullAddress
FN:29,withdraw
FNF:2
FNH:2
FNDA:7,_checkNullAddress
FNDA:5,withdraw
DA:20,7
DA:21,2
DA:30,5
DA:31,4
DA:32,4
DA:33,1
DA:35,3
DA:36,3
DA:37,1
DA:39,2
LF:10
LH:10
BRDA:20,1,0,2
BRDA:20,1,1,5
BRDA:29,2,0,5
BRDA:29,2,1,1
BRDA:32,3,0,1
BRDA:32,3,1,3
BRDA:36,4,0,1
BRDA:36,4,1,2
BRF:8
BRH:8
end_of_record
